Connecting to database specified by database.yml
Connecting to database specified by database.yml
Connecting to database specified by database.yml
  [1m[36m (0.2ms)[0m  [1mselect sqlite_version(*)[0m
  [1m[35m (1.4ms)[0m  CREATE TABLE "schema_migrations" ("version" varchar(255) NOT NULL) 
  [1m[36m (1.2ms)[0m  [1mCREATE UNIQUE INDEX "unique_schema_migrations" ON "schema_migrations" ("version")[0m
  [1m[35m (2.1ms)[0m  SELECT "schema_migrations"."version" FROM "schema_migrations" 
Migrating to CreateUsers (20130408160649)
  [1m[36m (0.1ms)[0m  [1mbegin transaction[0m
  [1m[35m (0.6ms)[0m  CREATE TABLE "users" ("id" INTEGER PRIMARY KEY AUTOINCREMENT NOT NULL, "name" varchar(255), "email" varchar(255), "created_at" datetime NOT NULL, "updated_at" datetime NOT NULL) 
  [1m[36m (0.2ms)[0m  [1mINSERT INTO "schema_migrations" ("version") VALUES ('20130408160649')[0m
  [1m[35m (1.5ms)[0m  commit transaction
  [1m[36m (0.1ms)[0m  [1mSELECT "schema_migrations"."version" FROM "schema_migrations" [0m
Connecting to database specified by database.yml
Connecting to database specified by database.yml


Started GET "/assets/rails.png" for 127.0.0.1 at 2013-04-08 12:43:08 -0400
Served asset /rails.png - 200 OK (13ms)


Started GET "/rails/info/properties" for 127.0.0.1 at 2013-04-08 12:43:10 -0400
  [1m[36m (5.3ms)[0m  [1mSELECT "schema_migrations"."version" FROM "schema_migrations" [0m
Processing by Rails::InfoController#properties as */*
  Rendered inline template (4.3ms)
Completed 200 OK in 57ms (Views: 56.3ms | ActiveRecord: 0.0ms)


Started GET "/new" for 127.0.0.1 at 2013-04-08 12:44:30 -0400

ActionController::RoutingError (No route matches [GET] "/new"):
  actionpack (3.2.13) lib/action_dispatch/middleware/debug_exceptions.rb:21:in `call'
  actionpack (3.2.13) lib/action_dispatch/middleware/show_exceptions.rb:56:in `call'
  railties (3.2.13) lib/rails/rack/logger.rb:32:in `call_app'
  railties (3.2.13) lib/rails/rack/logger.rb:16:in `block in call'
  activesupport (3.2.13) lib/active_support/tagged_logging.rb:22:in `tagged'
  railties (3.2.13) lib/rails/rack/logger.rb:16:in `call'
  actionpack (3.2.13) lib/action_dispatch/middleware/request_id.rb:22:in `call'
  rack (1.4.5) lib/rack/methodoverride.rb:21:in `call'
  rack (1.4.5) lib/rack/runtime.rb:17:in `call'
  activesupport (3.2.13) lib/active_support/cache/strategy/local_cache.rb:72:in `call'
  rack (1.4.5) lib/rack/lock.rb:15:in `call'
  actionpack (3.2.13) lib/action_dispatch/middleware/static.rb:63:in `call'
  railties (3.2.13) lib/rails/engine.rb:479:in `call'
  railties (3.2.13) lib/rails/application.rb:223:in `call'
  rack (1.4.5) lib/rack/content_length.rb:14:in `call'
  railties (3.2.13) lib/rails/rack/log_tailer.rb:17:in `call'
  rack (1.4.5) lib/rack/handler/webrick.rb:59:in `service'
  /Users/Qwiki/.rbenv/versions/1.9.3-p392/lib/ruby/1.9.1/webrick/httpserver.rb:138:in `service'
  /Users/Qwiki/.rbenv/versions/1.9.3-p392/lib/ruby/1.9.1/webrick/httpserver.rb:94:in `run'
  /Users/Qwiki/.rbenv/versions/1.9.3-p392/lib/ruby/1.9.1/webrick/server.rb:191:in `block in start_thread'


  Rendered /Users/Qwiki/.rbenv/versions/1.9.3-p392/lib/ruby/gems/1.9.1/gems/actionpack-3.2.13/lib/action_dispatch/middleware/templates/rescues/routing_error.erb within rescues/layout (1.2ms)


Started GET "/users" for 127.0.0.1 at 2013-04-08 12:44:50 -0400
Processing by UsersController#index as HTML
  [1m[35mUser Load (0.8ms)[0m  SELECT "users".* FROM "users" 
  Rendered users/index.html.erb within layouts/application (1.6ms)
Compiled scaffolds.css  (71ms)  (pid 73269)
Compiled users.css  (2ms)  (pid 73269)
Compiled application.css  (100ms)  (pid 73269)
Compiled jquery.js  (2ms)  (pid 73269)
Compiled jquery_ujs.js  (0ms)  (pid 73269)
Compiled users.js  (127ms)  (pid 73269)
Compiled application.js  (268ms)  (pid 73269)
Completed 200 OK in 502ms (Views: 464.3ms | ActiveRecord: 1.2ms)


Started GET "/assets/application.css?body=1" for 127.0.0.1 at 2013-04-08 12:44:51 -0400
Served asset /application.css - 200 OK (17ms)


Started GET "/assets/application.js?body=1" for 127.0.0.1 at 2013-04-08 12:44:51 -0400
Served asset /application.js - 200 OK (11ms)


Started GET "/assets/users.js?body=1" for 127.0.0.1 at 2013-04-08 12:44:51 -0400
Served asset /users.js - 200 OK (3ms)


Started GET "/assets/users.css?body=1" for 127.0.0.1 at 2013-04-08 12:44:51 -0400
Served asset /users.css - 200 OK (3ms)


Started GET "/assets/jquery.js?body=1" for 127.0.0.1 at 2013-04-08 12:44:51 -0400
Served asset /jquery.js - 200 OK (5ms)


Started GET "/assets/scaffolds.css?body=1" for 127.0.0.1 at 2013-04-08 12:44:51 -0400
Served asset /scaffolds.css - 200 OK (2ms)


Started GET "/assets/jquery_ujs.js?body=1" for 127.0.0.1 at 2013-04-08 12:44:51 -0400
Served asset /jquery_ujs.js - 200 OK (4ms)


Started GET "/users/new" for 127.0.0.1 at 2013-04-08 12:44:52 -0400
Processing by UsersController#new as HTML
  Rendered users/_form.html.erb (56.6ms)
  Rendered users/new.html.erb within layouts/application (64.4ms)
Completed 200 OK in 106ms (Views: 97.0ms | ActiveRecord: 0.0ms)


Started POST "/users" for 127.0.0.1 at 2013-04-08 12:45:02 -0400
Processing by UsersController#create as HTML
  Parameters: {"utf8"=>"✓", "authenticity_token"=>"TR5TQ21057M6HNbn/sbb70VPZt5Qxq04wmBjuXSuej0=", "user"=>{"name"=>"Constantine Antonakos", "email"=>"con.antonakos@gmail.com"}, "commit"=>"Create User"}
  [1m[36m (0.1ms)[0m  [1mbegin transaction[0m
  [1m[35mSQL (11.0ms)[0m  INSERT INTO "users" ("created_at", "email", "name", "updated_at") VALUES (?, ?, ?, ?)  [["created_at", Mon, 08 Apr 2013 16:45:02 UTC +00:00], ["email", "con.antonakos@gmail.com"], ["name", "Constantine Antonakos"], ["updated_at", Mon, 08 Apr 2013 16:45:02 UTC +00:00]]
  [1m[36m (0.9ms)[0m  [1mcommit transaction[0m
Redirected to http://localhost:3000/users/1
Completed 302 Found in 19ms (ActiveRecord: 12.0ms)


Started GET "/users/1" for 127.0.0.1 at 2013-04-08 12:45:02 -0400
Processing by UsersController#show as HTML
  Parameters: {"id"=>"1"}
  [1m[35mUser Load (0.4ms)[0m  SELECT "users".* FROM "users" WHERE "users"."id" = ? LIMIT 1  [["id", "1"]]
  Rendered users/show.html.erb within layouts/application (1.8ms)
Completed 200 OK in 74ms (Views: 69.9ms | ActiveRecord: 0.4ms)
Connecting to database specified by database.yml
Connecting to database specified by database.yml
  [1m[36m (2.1ms)[0m  [1mSELECT "schema_migrations"."version" FROM "schema_migrations" [0m
Migrating to CreateUsers (20130408160649)
Migrating to CreateMicroposts (20130408170117)
  [1m[35m (0.0ms)[0m  select sqlite_version(*)
  [1m[36m (0.1ms)[0m  [1mbegin transaction[0m
  [1m[35m (0.6ms)[0m  CREATE TABLE "microposts" ("id" INTEGER PRIMARY KEY AUTOINCREMENT NOT NULL, "content" varchar(255), "user_id" integer, "created_at" datetime NOT NULL, "updated_at" datetime NOT NULL) 
  [1m[36m (0.1ms)[0m  [1mINSERT INTO "schema_migrations" ("version") VALUES ('20130408170117')[0m
  [1m[35m (1.5ms)[0m  commit transaction
  [1m[36m (0.1ms)[0m  [1mSELECT "schema_migrations"."version" FROM "schema_migrations" [0m
Connecting to database specified by database.yml
Connecting to database specified by database.yml
Connecting to database specified by database.yml
Connecting to database specified by database.yml
Connecting to database specified by database.yml
Connecting to database specified by database.yml
Connecting to database specified by database.yml


Started GET "/assets/rails.png" for 127.0.0.1 at 2013-04-08 17:53:58 -0400
Served asset /rails.png - 304 Not Modified (4ms)


Started GET "/assets/rails.png" for 127.0.0.1 at 2013-04-08 17:54:43 -0400

SyntaxError (/Users/Qwiki/Developer/Demo_Rails_App/config/routes.rb:9: syntax error, unexpected tASSOC, expecting keyword_end
  :root => "StaticPages#home"
          ^):
  activesupport (3.2.13) lib/active_support/dependencies.rb:245:in `load'
  activesupport (3.2.13) lib/active_support/dependencies.rb:245:in `block in load'
  activesupport (3.2.13) lib/active_support/dependencies.rb:236:in `load_dependency'
  activesupport (3.2.13) lib/active_support/dependencies.rb:245:in `load'
  railties (3.2.13) lib/rails/application/routes_reloader.rb:40:in `block in load_paths'
  railties (3.2.13) lib/rails/application/routes_reloader.rb:40:in `each'
  railties (3.2.13) lib/rails/application/routes_reloader.rb:40:in `load_paths'
  railties (3.2.13) lib/rails/application/routes_reloader.rb:16:in `reload!'
  railties (3.2.13) lib/rails/application/routes_reloader.rb:26:in `block in updater'
  activesupport (3.2.13) lib/active_support/file_update_checker.rb:78:in `call'
  activesupport (3.2.13) lib/active_support/file_update_checker.rb:78:in `execute'
  activesupport (3.2.13) lib/active_support/file_update_checker.rb:86:in `execute_if_updated'
  railties (3.2.13) lib/rails/application/routes_reloader.rb:7:in `execute_if_updated'
  railties (3.2.13) lib/rails/application/finisher.rb:68:in `block (2 levels) in <module:Finisher>'
  activesupport (3.2.13) lib/active_support/callbacks.rb:451:in `_run__3296319360421715754__prepare__428283679233384807__callbacks'
  activesupport (3.2.13) lib/active_support/callbacks.rb:405:in `__run_callback'
  activesupport (3.2.13) lib/active_support/callbacks.rb:385:in `_run_prepare_callbacks'
  activesupport (3.2.13) lib/active_support/callbacks.rb:81:in `run_callbacks'
  actionpack (3.2.13) lib/action_dispatch/middleware/reloader.rb:74:in `prepare!'
  actionpack (3.2.13) lib/action_dispatch/middleware/reloader.rb:64:in `call'
  actionpack (3.2.13) lib/action_dispatch/middleware/remote_ip.rb:31:in `call'
  actionpack (3.2.13) lib/action_dispatch/middleware/debug_exceptions.rb:16:in `call'
  actionpack (3.2.13) lib/action_dispatch/middleware/show_exceptions.rb:56:in `call'
  railties (3.2.13) lib/rails/rack/logger.rb:32:in `call_app'
  railties (3.2.13) lib/rails/rack/logger.rb:16:in `block in call'
  activesupport (3.2.13) lib/active_support/tagged_logging.rb:22:in `tagged'
  railties (3.2.13) lib/rails/rack/logger.rb:16:in `call'
  actionpack (3.2.13) lib/action_dispatch/middleware/request_id.rb:22:in `call'
  rack (1.4.5) lib/rack/methodoverride.rb:21:in `call'
  rack (1.4.5) lib/rack/runtime.rb:17:in `call'
  activesupport (3.2.13) lib/active_support/cache/strategy/local_cache.rb:72:in `call'
  rack (1.4.5) lib/rack/lock.rb:15:in `call'
  actionpack (3.2.13) lib/action_dispatch/middleware/static.rb:63:in `call'
  railties (3.2.13) lib/rails/engine.rb:479:in `call'
  railties (3.2.13) lib/rails/application.rb:223:in `call'
  rack (1.4.5) lib/rack/content_length.rb:14:in `call'
  railties (3.2.13) lib/rails/rack/log_tailer.rb:17:in `call'
  rack (1.4.5) lib/rack/handler/webrick.rb:59:in `service'
  /Users/Qwiki/.rvm/rubies/ruby-1.9.3-p392/lib/ruby/1.9.1/webrick/httpserver.rb:138:in `service'
  /Users/Qwiki/.rvm/rubies/ruby-1.9.3-p392/lib/ruby/1.9.1/webrick/httpserver.rb:94:in `run'
  /Users/Qwiki/.rvm/rubies/ruby-1.9.3-p392/lib/ruby/1.9.1/webrick/server.rb:191:in `block in start_thread'


  Rendered /Users/Qwiki/.rvm/gems/ruby-1.9.3-p392/gems/actionpack-3.2.13/lib/action_dispatch/middleware/templates/rescues/_trace.erb (1.8ms)
  Rendered /Users/Qwiki/.rvm/gems/ruby-1.9.3-p392/gems/actionpack-3.2.13/lib/action_dispatch/middleware/templates/rescues/_request_and_response.erb (4.4ms)
  Rendered /Users/Qwiki/.rvm/gems/ruby-1.9.3-p392/gems/actionpack-3.2.13/lib/action_dispatch/middleware/templates/rescues/diagnostics.erb within rescues/layout (18.7ms)


Started GET "/assets/rails.png" for 127.0.0.1 at 2013-04-08 17:54:46 -0400
Served asset /rails.png - 200 OK (0ms)


Started GET "/assets/rails.png" for 127.0.0.1 at 2013-04-08 17:54:57 -0400

SyntaxError (/Users/Qwiki/Developer/Demo_Rails_App/config/routes.rb:9: syntax error, unexpected ',', expecting keyword_end
  :root, to: "StaticPages#home"
        ^):
  activesupport (3.2.13) lib/active_support/dependencies.rb:245:in `load'
  activesupport (3.2.13) lib/active_support/dependencies.rb:245:in `block in load'
  activesupport (3.2.13) lib/active_support/dependencies.rb:236:in `load_dependency'
  activesupport (3.2.13) lib/active_support/dependencies.rb:245:in `load'
  railties (3.2.13) lib/rails/application/routes_reloader.rb:40:in `block in load_paths'
  railties (3.2.13) lib/rails/application/routes_reloader.rb:40:in `each'
  railties (3.2.13) lib/rails/application/routes_reloader.rb:40:in `load_paths'
  railties (3.2.13) lib/rails/application/routes_reloader.rb:16:in `reload!'
  railties (3.2.13) lib/rails/application/routes_reloader.rb:26:in `block in updater'
  activesupport (3.2.13) lib/active_support/file_update_checker.rb:78:in `call'
  activesupport (3.2.13) lib/active_support/file_update_checker.rb:78:in `execute'
  activesupport (3.2.13) lib/active_support/file_update_checker.rb:86:in `execute_if_updated'
  railties (3.2.13) lib/rails/application/routes_reloader.rb:7:in `execute_if_updated'
  railties (3.2.13) lib/rails/application/finisher.rb:68:in `block (2 levels) in <module:Finisher>'
  activesupport (3.2.13) lib/active_support/callbacks.rb:451:in `_run__3296319360421715754__prepare__428283679233384807__callbacks'
  activesupport (3.2.13) lib/active_support/callbacks.rb:405:in `__run_callback'
  activesupport (3.2.13) lib/active_support/callbacks.rb:385:in `_run_prepare_callbacks'
  activesupport (3.2.13) lib/active_support/callbacks.rb:81:in `run_callbacks'
  actionpack (3.2.13) lib/action_dispatch/middleware/reloader.rb:74:in `prepare!'
  actionpack (3.2.13) lib/action_dispatch/middleware/reloader.rb:64:in `call'
  actionpack (3.2.13) lib/action_dispatch/middleware/remote_ip.rb:31:in `call'
  actionpack (3.2.13) lib/action_dispatch/middleware/debug_exceptions.rb:16:in `call'
  actionpack (3.2.13) lib/action_dispatch/middleware/show_exceptions.rb:56:in `call'
  railties (3.2.13) lib/rails/rack/logger.rb:32:in `call_app'
  railties (3.2.13) lib/rails/rack/logger.rb:16:in `block in call'
  activesupport (3.2.13) lib/active_support/tagged_logging.rb:22:in `tagged'
  railties (3.2.13) lib/rails/rack/logger.rb:16:in `call'
  actionpack (3.2.13) lib/action_dispatch/middleware/request_id.rb:22:in `call'
  rack (1.4.5) lib/rack/methodoverride.rb:21:in `call'
  rack (1.4.5) lib/rack/runtime.rb:17:in `call'
  activesupport (3.2.13) lib/active_support/cache/strategy/local_cache.rb:72:in `call'
  rack (1.4.5) lib/rack/lock.rb:15:in `call'
  actionpack (3.2.13) lib/action_dispatch/middleware/static.rb:63:in `call'
  railties (3.2.13) lib/rails/engine.rb:479:in `call'
  railties (3.2.13) lib/rails/application.rb:223:in `call'
  rack (1.4.5) lib/rack/content_length.rb:14:in `call'
  railties (3.2.13) lib/rails/rack/log_tailer.rb:17:in `call'
  rack (1.4.5) lib/rack/handler/webrick.rb:59:in `service'
  /Users/Qwiki/.rvm/rubies/ruby-1.9.3-p392/lib/ruby/1.9.1/webrick/httpserver.rb:138:in `service'
  /Users/Qwiki/.rvm/rubies/ruby-1.9.3-p392/lib/ruby/1.9.1/webrick/httpserver.rb:94:in `run'
  /Users/Qwiki/.rvm/rubies/ruby-1.9.3-p392/lib/ruby/1.9.1/webrick/server.rb:191:in `block in start_thread'


  Rendered /Users/Qwiki/.rvm/gems/ruby-1.9.3-p392/gems/actionpack-3.2.13/lib/action_dispatch/middleware/templates/rescues/_trace.erb (2.3ms)
  Rendered /Users/Qwiki/.rvm/gems/ruby-1.9.3-p392/gems/actionpack-3.2.13/lib/action_dispatch/middleware/templates/rescues/_request_and_response.erb (28.4ms)
  Rendered /Users/Qwiki/.rvm/gems/ruby-1.9.3-p392/gems/actionpack-3.2.13/lib/action_dispatch/middleware/templates/rescues/diagnostics.erb within rescues/layout (39.2ms)


Started GET "/assets/rails.png" for 127.0.0.1 at 2013-04-08 17:55:02 -0400

SyntaxError (/Users/Qwiki/Developer/Demo_Rails_App/config/routes.rb:9: syntax error, unexpected tASSOC, expecting keyword_end
  :root => to: "StaticPages#home"
          ^):
  activesupport (3.2.13) lib/active_support/dependencies.rb:245:in `load'
  activesupport (3.2.13) lib/active_support/dependencies.rb:245:in `block in load'
  activesupport (3.2.13) lib/active_support/dependencies.rb:236:in `load_dependency'
  activesupport (3.2.13) lib/active_support/dependencies.rb:245:in `load'
  railties (3.2.13) lib/rails/application/routes_reloader.rb:40:in `block in load_paths'
  railties (3.2.13) lib/rails/application/routes_reloader.rb:40:in `each'
  railties (3.2.13) lib/rails/application/routes_reloader.rb:40:in `load_paths'
  railties (3.2.13) lib/rails/application/routes_reloader.rb:16:in `reload!'
  railties (3.2.13) lib/rails/application/routes_reloader.rb:26:in `block in updater'
  activesupport (3.2.13) lib/active_support/file_update_checker.rb:78:in `call'
  activesupport (3.2.13) lib/active_support/file_update_checker.rb:78:in `execute'
  activesupport (3.2.13) lib/active_support/file_update_checker.rb:86:in `execute_if_updated'
  railties (3.2.13) lib/rails/application/routes_reloader.rb:7:in `execute_if_updated'
  railties (3.2.13) lib/rails/application/finisher.rb:68:in `block (2 levels) in <module:Finisher>'
  activesupport (3.2.13) lib/active_support/callbacks.rb:451:in `_run__3296319360421715754__prepare__428283679233384807__callbacks'
  activesupport (3.2.13) lib/active_support/callbacks.rb:405:in `__run_callback'
  activesupport (3.2.13) lib/active_support/callbacks.rb:385:in `_run_prepare_callbacks'
  activesupport (3.2.13) lib/active_support/callbacks.rb:81:in `run_callbacks'
  actionpack (3.2.13) lib/action_dispatch/middleware/reloader.rb:74:in `prepare!'
  actionpack (3.2.13) lib/action_dispatch/middleware/reloader.rb:64:in `call'
  actionpack (3.2.13) lib/action_dispatch/middleware/remote_ip.rb:31:in `call'
  actionpack (3.2.13) lib/action_dispatch/middleware/debug_exceptions.rb:16:in `call'
  actionpack (3.2.13) lib/action_dispatch/middleware/show_exceptions.rb:56:in `call'
  railties (3.2.13) lib/rails/rack/logger.rb:32:in `call_app'
  railties (3.2.13) lib/rails/rack/logger.rb:16:in `block in call'
  activesupport (3.2.13) lib/active_support/tagged_logging.rb:22:in `tagged'
  railties (3.2.13) lib/rails/rack/logger.rb:16:in `call'
  actionpack (3.2.13) lib/action_dispatch/middleware/request_id.rb:22:in `call'
  rack (1.4.5) lib/rack/methodoverride.rb:21:in `call'
  rack (1.4.5) lib/rack/runtime.rb:17:in `call'
  activesupport (3.2.13) lib/active_support/cache/strategy/local_cache.rb:72:in `call'
  rack (1.4.5) lib/rack/lock.rb:15:in `call'
  actionpack (3.2.13) lib/action_dispatch/middleware/static.rb:63:in `call'
  railties (3.2.13) lib/rails/engine.rb:479:in `call'
  railties (3.2.13) lib/rails/application.rb:223:in `call'
  rack (1.4.5) lib/rack/content_length.rb:14:in `call'
  railties (3.2.13) lib/rails/rack/log_tailer.rb:17:in `call'
  rack (1.4.5) lib/rack/handler/webrick.rb:59:in `service'
  /Users/Qwiki/.rvm/rubies/ruby-1.9.3-p392/lib/ruby/1.9.1/webrick/httpserver.rb:138:in `service'
  /Users/Qwiki/.rvm/rubies/ruby-1.9.3-p392/lib/ruby/1.9.1/webrick/httpserver.rb:94:in `run'
  /Users/Qwiki/.rvm/rubies/ruby-1.9.3-p392/lib/ruby/1.9.1/webrick/server.rb:191:in `block in start_thread'


  Rendered /Users/Qwiki/.rvm/gems/ruby-1.9.3-p392/gems/actionpack-3.2.13/lib/action_dispatch/middleware/templates/rescues/_trace.erb (1.8ms)
  Rendered /Users/Qwiki/.rvm/gems/ruby-1.9.3-p392/gems/actionpack-3.2.13/lib/action_dispatch/middleware/templates/rescues/_request_and_response.erb (1.1ms)
  Rendered /Users/Qwiki/.rvm/gems/ruby-1.9.3-p392/gems/actionpack-3.2.13/lib/action_dispatch/middleware/templates/rescues/diagnostics.erb within rescues/layout (12.3ms)


Started GET "/assets/rails.png" for 127.0.0.1 at 2013-04-08 17:55:04 -0400
Served asset /rails.png - 200 OK (0ms)


Started GET "/" for 127.0.0.1 at 2013-04-08 17:55:36 -0400

ActionController::RoutingError (No route matches [GET] "/"):
  actionpack (3.2.13) lib/action_dispatch/middleware/debug_exceptions.rb:21:in `call'
  actionpack (3.2.13) lib/action_dispatch/middleware/show_exceptions.rb:56:in `call'
  railties (3.2.13) lib/rails/rack/logger.rb:32:in `call_app'
  railties (3.2.13) lib/rails/rack/logger.rb:16:in `block in call'
  activesupport (3.2.13) lib/active_support/tagged_logging.rb:22:in `tagged'
  railties (3.2.13) lib/rails/rack/logger.rb:16:in `call'
  actionpack (3.2.13) lib/action_dispatch/middleware/request_id.rb:22:in `call'
  rack (1.4.5) lib/rack/methodoverride.rb:21:in `call'
  rack (1.4.5) lib/rack/runtime.rb:17:in `call'
  activesupport (3.2.13) lib/active_support/cache/strategy/local_cache.rb:72:in `call'
  rack (1.4.5) lib/rack/lock.rb:15:in `call'
  actionpack (3.2.13) lib/action_dispatch/middleware/static.rb:63:in `call'
  railties (3.2.13) lib/rails/engine.rb:479:in `call'
  railties (3.2.13) lib/rails/application.rb:223:in `call'
  rack (1.4.5) lib/rack/content_length.rb:14:in `call'
  railties (3.2.13) lib/rails/rack/log_tailer.rb:17:in `call'
  rack (1.4.5) lib/rack/handler/webrick.rb:59:in `service'
  /Users/Qwiki/.rvm/rubies/ruby-1.9.3-p392/lib/ruby/1.9.1/webrick/httpserver.rb:138:in `service'
  /Users/Qwiki/.rvm/rubies/ruby-1.9.3-p392/lib/ruby/1.9.1/webrick/httpserver.rb:94:in `run'
  /Users/Qwiki/.rvm/rubies/ruby-1.9.3-p392/lib/ruby/1.9.1/webrick/server.rb:191:in `block in start_thread'


  Rendered /Users/Qwiki/.rvm/gems/ruby-1.9.3-p392/gems/actionpack-3.2.13/lib/action_dispatch/middleware/templates/rescues/routing_error.erb within rescues/layout (0.8ms)


Started GET "/" for 127.0.0.1 at 2013-04-08 17:55:44 -0400

SyntaxError (/Users/Qwiki/Developer/Demo_Rails_App/config/routes.rb:9: syntax error, unexpected tASSOC, expecting keyword_end
  :root => "StaticPages#home"
          ^):
  activesupport (3.2.13) lib/active_support/dependencies.rb:245:in `load'
  activesupport (3.2.13) lib/active_support/dependencies.rb:245:in `block in load'
  activesupport (3.2.13) lib/active_support/dependencies.rb:236:in `load_dependency'
  activesupport (3.2.13) lib/active_support/dependencies.rb:245:in `load'
  railties (3.2.13) lib/rails/application/routes_reloader.rb:40:in `block in load_paths'
  railties (3.2.13) lib/rails/application/routes_reloader.rb:40:in `each'
  railties (3.2.13) lib/rails/application/routes_reloader.rb:40:in `load_paths'
  railties (3.2.13) lib/rails/application/routes_reloader.rb:16:in `reload!'
  railties (3.2.13) lib/rails/application/routes_reloader.rb:26:in `block in updater'
  activesupport (3.2.13) lib/active_support/file_update_checker.rb:78:in `call'
  activesupport (3.2.13) lib/active_support/file_update_checker.rb:78:in `execute'
  activesupport (3.2.13) lib/active_support/file_update_checker.rb:86:in `execute_if_updated'
  railties (3.2.13) lib/rails/application/routes_reloader.rb:7:in `execute_if_updated'
  railties (3.2.13) lib/rails/application/finisher.rb:68:in `block (2 levels) in <module:Finisher>'
  activesupport (3.2.13) lib/active_support/callbacks.rb:451:in `_run__3296319360421715754__prepare__428283679233384807__callbacks'
  activesupport (3.2.13) lib/active_support/callbacks.rb:405:in `__run_callback'
  activesupport (3.2.13) lib/active_support/callbacks.rb:385:in `_run_prepare_callbacks'
  activesupport (3.2.13) lib/active_support/callbacks.rb:81:in `run_callbacks'
  actionpack (3.2.13) lib/action_dispatch/middleware/reloader.rb:74:in `prepare!'
  actionpack (3.2.13) lib/action_dispatch/middleware/reloader.rb:64:in `call'
  actionpack (3.2.13) lib/action_dispatch/middleware/remote_ip.rb:31:in `call'
  actionpack (3.2.13) lib/action_dispatch/middleware/debug_exceptions.rb:16:in `call'
  actionpack (3.2.13) lib/action_dispatch/middleware/show_exceptions.rb:56:in `call'
  railties (3.2.13) lib/rails/rack/logger.rb:32:in `call_app'
  railties (3.2.13) lib/rails/rack/logger.rb:16:in `block in call'
  activesupport (3.2.13) lib/active_support/tagged_logging.rb:22:in `tagged'
  railties (3.2.13) lib/rails/rack/logger.rb:16:in `call'
  actionpack (3.2.13) lib/action_dispatch/middleware/request_id.rb:22:in `call'
  rack (1.4.5) lib/rack/methodoverride.rb:21:in `call'
  rack (1.4.5) lib/rack/runtime.rb:17:in `call'
  activesupport (3.2.13) lib/active_support/cache/strategy/local_cache.rb:72:in `call'
  rack (1.4.5) lib/rack/lock.rb:15:in `call'
  actionpack (3.2.13) lib/action_dispatch/middleware/static.rb:63:in `call'
  railties (3.2.13) lib/rails/engine.rb:479:in `call'
  railties (3.2.13) lib/rails/application.rb:223:in `call'
  rack (1.4.5) lib/rack/content_length.rb:14:in `call'
  railties (3.2.13) lib/rails/rack/log_tailer.rb:17:in `call'
  rack (1.4.5) lib/rack/handler/webrick.rb:59:in `service'
  /Users/Qwiki/.rvm/rubies/ruby-1.9.3-p392/lib/ruby/1.9.1/webrick/httpserver.rb:138:in `service'
  /Users/Qwiki/.rvm/rubies/ruby-1.9.3-p392/lib/ruby/1.9.1/webrick/httpserver.rb:94:in `run'
  /Users/Qwiki/.rvm/rubies/ruby-1.9.3-p392/lib/ruby/1.9.1/webrick/server.rb:191:in `block in start_thread'


  Rendered /Users/Qwiki/.rvm/gems/ruby-1.9.3-p392/gems/actionpack-3.2.13/lib/action_dispatch/middleware/templates/rescues/_trace.erb (1.2ms)
  Rendered /Users/Qwiki/.rvm/gems/ruby-1.9.3-p392/gems/actionpack-3.2.13/lib/action_dispatch/middleware/templates/rescues/_request_and_response.erb (1.3ms)
  Rendered /Users/Qwiki/.rvm/gems/ruby-1.9.3-p392/gems/actionpack-3.2.13/lib/action_dispatch/middleware/templates/rescues/diagnostics.erb within rescues/layout (8.8ms)


Started GET "/" for 127.0.0.1 at 2013-04-08 17:55:51 -0400

SyntaxError (/Users/Qwiki/Developer/Demo_Rails_App/config/routes.rb:9: syntax error, unexpected ',', expecting keyword_end
  :root, to: "StaticPages#home"
        ^):
  activesupport (3.2.13) lib/active_support/dependencies.rb:245:in `load'
  activesupport (3.2.13) lib/active_support/dependencies.rb:245:in `block in load'
  activesupport (3.2.13) lib/active_support/dependencies.rb:236:in `load_dependency'
  activesupport (3.2.13) lib/active_support/dependencies.rb:245:in `load'
  railties (3.2.13) lib/rails/application/routes_reloader.rb:40:in `block in load_paths'
  railties (3.2.13) lib/rails/application/routes_reloader.rb:40:in `each'
  railties (3.2.13) lib/rails/application/routes_reloader.rb:40:in `load_paths'
  railties (3.2.13) lib/rails/application/routes_reloader.rb:16:in `reload!'
  railties (3.2.13) lib/rails/application/routes_reloader.rb:26:in `block in updater'
  activesupport (3.2.13) lib/active_support/file_update_checker.rb:78:in `call'
  activesupport (3.2.13) lib/active_support/file_update_checker.rb:78:in `execute'
  activesupport (3.2.13) lib/active_support/file_update_checker.rb:86:in `execute_if_updated'
  railties (3.2.13) lib/rails/application/routes_reloader.rb:7:in `execute_if_updated'
  railties (3.2.13) lib/rails/application/finisher.rb:68:in `block (2 levels) in <module:Finisher>'
  activesupport (3.2.13) lib/active_support/callbacks.rb:451:in `_run__3296319360421715754__prepare__428283679233384807__callbacks'
  activesupport (3.2.13) lib/active_support/callbacks.rb:405:in `__run_callback'
  activesupport (3.2.13) lib/active_support/callbacks.rb:385:in `_run_prepare_callbacks'
  activesupport (3.2.13) lib/active_support/callbacks.rb:81:in `run_callbacks'
  actionpack (3.2.13) lib/action_dispatch/middleware/reloader.rb:74:in `prepare!'
  actionpack (3.2.13) lib/action_dispatch/middleware/reloader.rb:64:in `call'
  actionpack (3.2.13) lib/action_dispatch/middleware/remote_ip.rb:31:in `call'
  actionpack (3.2.13) lib/action_dispatch/middleware/debug_exceptions.rb:16:in `call'
  actionpack (3.2.13) lib/action_dispatch/middleware/show_exceptions.rb:56:in `call'
  railties (3.2.13) lib/rails/rack/logger.rb:32:in `call_app'
  railties (3.2.13) lib/rails/rack/logger.rb:16:in `block in call'
  activesupport (3.2.13) lib/active_support/tagged_logging.rb:22:in `tagged'
  railties (3.2.13) lib/rails/rack/logger.rb:16:in `call'
  actionpack (3.2.13) lib/action_dispatch/middleware/request_id.rb:22:in `call'
  rack (1.4.5) lib/rack/methodoverride.rb:21:in `call'
  rack (1.4.5) lib/rack/runtime.rb:17:in `call'
  activesupport (3.2.13) lib/active_support/cache/strategy/local_cache.rb:72:in `call'
  rack (1.4.5) lib/rack/lock.rb:15:in `call'
  actionpack (3.2.13) lib/action_dispatch/middleware/static.rb:63:in `call'
  railties (3.2.13) lib/rails/engine.rb:479:in `call'
  railties (3.2.13) lib/rails/application.rb:223:in `call'
  rack (1.4.5) lib/rack/content_length.rb:14:in `call'
  railties (3.2.13) lib/rails/rack/log_tailer.rb:17:in `call'
  rack (1.4.5) lib/rack/handler/webrick.rb:59:in `service'
  /Users/Qwiki/.rvm/rubies/ruby-1.9.3-p392/lib/ruby/1.9.1/webrick/httpserver.rb:138:in `service'
  /Users/Qwiki/.rvm/rubies/ruby-1.9.3-p392/lib/ruby/1.9.1/webrick/httpserver.rb:94:in `run'
  /Users/Qwiki/.rvm/rubies/ruby-1.9.3-p392/lib/ruby/1.9.1/webrick/server.rb:191:in `block in start_thread'


  Rendered /Users/Qwiki/.rvm/gems/ruby-1.9.3-p392/gems/actionpack-3.2.13/lib/action_dispatch/middleware/templates/rescues/_trace.erb (1.5ms)
  Rendered /Users/Qwiki/.rvm/gems/ruby-1.9.3-p392/gems/actionpack-3.2.13/lib/action_dispatch/middleware/templates/rescues/_request_and_response.erb (1.1ms)
  Rendered /Users/Qwiki/.rvm/gems/ruby-1.9.3-p392/gems/actionpack-3.2.13/lib/action_dispatch/middleware/templates/rescues/diagnostics.erb within rescues/layout (9.0ms)


Started GET "/" for 127.0.0.1 at 2013-04-08 17:56:32 -0400
Processing by StaticPagesController#home as HTML
  Rendered static_pages/home.html.erb within layouts/application (0.6ms)
Compiled microposts.css  (13ms)  (pid 57024)
Compiled static_pages.css  (2ms)  (pid 57024)
Compiled application.css  (78ms)  (pid 57024)
Compiled jquery.js  (2ms)  (pid 57024)
Compiled jquery_ujs.js  (0ms)  (pid 57024)
Compiled microposts.js  (105ms)  (pid 57024)
Compiled static_pages.js  (87ms)  (pid 57024)
Compiled application.js  (315ms)  (pid 57024)
Completed 200 OK in 482ms (Views: 481.0ms | ActiveRecord: 0.0ms)


Started GET "/assets/application.css?body=1" for 127.0.0.1 at 2013-04-08 17:56:33 -0400
Served asset /application.css - 200 OK (11ms)


Started GET "/assets/scaffolds.css?body=1" for 127.0.0.1 at 2013-04-08 17:56:33 -0400
Served asset /scaffolds.css - 200 OK (1ms)


Started GET "/assets/static_pages.css?body=1" for 127.0.0.1 at 2013-04-08 17:56:33 -0400
Served asset /static_pages.css - 200 OK (1ms)


Started GET "/assets/microposts.css?body=1" for 127.0.0.1 at 2013-04-08 17:56:33 -0400
Served asset /microposts.css - 200 OK (1ms)


Started GET "/assets/users.css?body=1" for 127.0.0.1 at 2013-04-08 17:56:33 -0400
Served asset /users.css - 200 OK (1ms)


Started GET "/assets/jquery.js?body=1" for 127.0.0.1 at 2013-04-08 17:56:33 -0400
Served asset /jquery.js - 200 OK (4ms)


Started GET "/assets/microposts.js?body=1" for 127.0.0.1 at 2013-04-08 17:56:33 -0400
Served asset /microposts.js - 200 OK (3ms)


Started GET "/assets/jquery_ujs.js?body=1" for 127.0.0.1 at 2013-04-08 17:56:33 -0400
Served asset /jquery_ujs.js - 200 OK (2ms)


Started GET "/assets/static_pages.js?body=1" for 127.0.0.1 at 2013-04-08 17:56:33 -0400
Served asset /static_pages.js - 200 OK (2ms)


Started GET "/assets/users.js?body=1" for 127.0.0.1 at 2013-04-08 17:56:33 -0400
Served asset /users.js - 200 OK (2ms)


Started GET "/assets/application.js?body=1" for 127.0.0.1 at 2013-04-08 17:56:33 -0400
Served asset /application.js - 200 OK (7ms)
Connecting to database specified by database.yml


Started GET "/" for 127.0.0.1 at 2013-04-08 18:17:27 -0400
Processing by StaticPagesController#home as HTML
  Rendered static_pages/home.html.erb within layouts/application (0.6ms)
Completed 200 OK in 98ms (Views: 97.4ms | ActiveRecord: 0.0ms)


Started GET "/assets/application.css?body=1" for 127.0.0.1 at 2013-04-08 18:17:27 -0400
Served asset /application.css - 304 Not Modified (1ms)


Started GET "/assets/static_pages.css?body=1" for 127.0.0.1 at 2013-04-08 18:17:27 -0400
Served asset /static_pages.css - 304 Not Modified (0ms)


Started GET "/assets/users.css?body=1" for 127.0.0.1 at 2013-04-08 18:17:27 -0400
Served asset /users.css - 304 Not Modified (0ms)


Started GET "/assets/jquery_ujs.js?body=1" for 127.0.0.1 at 2013-04-08 18:17:27 -0400
Served asset /jquery_ujs.js - 304 Not Modified (0ms)


Started GET "/assets/scaffolds.css?body=1" for 127.0.0.1 at 2013-04-08 18:17:27 -0400
Served asset /scaffolds.css - 304 Not Modified (0ms)


Started GET "/assets/microposts.css?body=1" for 127.0.0.1 at 2013-04-08 18:17:27 -0400
Served asset /microposts.css - 304 Not Modified (0ms)


Started GET "/assets/jquery.js?body=1" for 127.0.0.1 at 2013-04-08 18:17:27 -0400
Served asset /jquery.js - 304 Not Modified (0ms)


Started GET "/assets/microposts.js?body=1" for 127.0.0.1 at 2013-04-08 18:17:27 -0400
Served asset /microposts.js - 304 Not Modified (0ms)


Started GET "/assets/static_pages.js?body=1" for 127.0.0.1 at 2013-04-08 18:17:27 -0400
Served asset /static_pages.js - 304 Not Modified (0ms)


Started GET "/assets/application.js?body=1" for 127.0.0.1 at 2013-04-08 18:17:27 -0400
Served asset /application.js - 304 Not Modified (2ms)


Started GET "/assets/users.js?body=1" for 127.0.0.1 at 2013-04-08 18:17:27 -0400
Served asset /users.js - 304 Not Modified (0ms)


Started GET "/hom" for 127.0.0.1 at 2013-04-08 18:17:33 -0400

ActionController::RoutingError (No route matches [GET] "/hom"):
  actionpack (3.2.13) lib/action_dispatch/middleware/debug_exceptions.rb:21:in `call'
  actionpack (3.2.13) lib/action_dispatch/middleware/show_exceptions.rb:56:in `call'
  railties (3.2.13) lib/rails/rack/logger.rb:32:in `call_app'
  railties (3.2.13) lib/rails/rack/logger.rb:16:in `block in call'
  activesupport (3.2.13) lib/active_support/tagged_logging.rb:22:in `tagged'
  railties (3.2.13) lib/rails/rack/logger.rb:16:in `call'
  actionpack (3.2.13) lib/action_dispatch/middleware/request_id.rb:22:in `call'
  rack (1.4.5) lib/rack/methodoverride.rb:21:in `call'
  rack (1.4.5) lib/rack/runtime.rb:17:in `call'
  activesupport (3.2.13) lib/active_support/cache/strategy/local_cache.rb:72:in `call'
  rack (1.4.5) lib/rack/lock.rb:15:in `call'
  actionpack (3.2.13) lib/action_dispatch/middleware/static.rb:63:in `call'
  railties (3.2.13) lib/rails/engine.rb:479:in `call'
  railties (3.2.13) lib/rails/application.rb:223:in `call'
  rack (1.4.5) lib/rack/content_length.rb:14:in `call'
  railties (3.2.13) lib/rails/rack/log_tailer.rb:17:in `call'
  rack (1.4.5) lib/rack/handler/webrick.rb:59:in `service'
  /Users/Qwiki/.rvm/rubies/ruby-1.9.3-p392/lib/ruby/1.9.1/webrick/httpserver.rb:138:in `service'
  /Users/Qwiki/.rvm/rubies/ruby-1.9.3-p392/lib/ruby/1.9.1/webrick/httpserver.rb:94:in `run'
  /Users/Qwiki/.rvm/rubies/ruby-1.9.3-p392/lib/ruby/1.9.1/webrick/server.rb:191:in `block in start_thread'


  Rendered /Users/Qwiki/.rvm/gems/ruby-1.9.3-p392/gems/actionpack-3.2.13/lib/action_dispatch/middleware/templates/rescues/routing_error.erb within rescues/layout (0.7ms)


Started GET "/home" for 127.0.0.1 at 2013-04-08 18:17:35 -0400

ActionController::RoutingError (No route matches [GET] "/home"):
  actionpack (3.2.13) lib/action_dispatch/middleware/debug_exceptions.rb:21:in `call'
  actionpack (3.2.13) lib/action_dispatch/middleware/show_exceptions.rb:56:in `call'
  railties (3.2.13) lib/rails/rack/logger.rb:32:in `call_app'
  railties (3.2.13) lib/rails/rack/logger.rb:16:in `block in call'
  activesupport (3.2.13) lib/active_support/tagged_logging.rb:22:in `tagged'
  railties (3.2.13) lib/rails/rack/logger.rb:16:in `call'
  actionpack (3.2.13) lib/action_dispatch/middleware/request_id.rb:22:in `call'
  rack (1.4.5) lib/rack/methodoverride.rb:21:in `call'
  rack (1.4.5) lib/rack/runtime.rb:17:in `call'
  activesupport (3.2.13) lib/active_support/cache/strategy/local_cache.rb:72:in `call'
  rack (1.4.5) lib/rack/lock.rb:15:in `call'
  actionpack (3.2.13) lib/action_dispatch/middleware/static.rb:63:in `call'
  railties (3.2.13) lib/rails/engine.rb:479:in `call'
  railties (3.2.13) lib/rails/application.rb:223:in `call'
  rack (1.4.5) lib/rack/content_length.rb:14:in `call'
  railties (3.2.13) lib/rails/rack/log_tailer.rb:17:in `call'
  rack (1.4.5) lib/rack/handler/webrick.rb:59:in `service'
  /Users/Qwiki/.rvm/rubies/ruby-1.9.3-p392/lib/ruby/1.9.1/webrick/httpserver.rb:138:in `service'
  /Users/Qwiki/.rvm/rubies/ruby-1.9.3-p392/lib/ruby/1.9.1/webrick/httpserver.rb:94:in `run'
  /Users/Qwiki/.rvm/rubies/ruby-1.9.3-p392/lib/ruby/1.9.1/webrick/server.rb:191:in `block in start_thread'


  Rendered /Users/Qwiki/.rvm/gems/ruby-1.9.3-p392/gems/actionpack-3.2.13/lib/action_dispatch/middleware/templates/rescues/routing_error.erb within rescues/layout (0.7ms)


Started GET "/static_pages/home" for 127.0.0.1 at 2013-04-08 18:17:44 -0400
Processing by StaticPagesController#home as HTML
  Rendered static_pages/home.html.erb within layouts/application (0.0ms)
Completed 200 OK in 94ms (Views: 93.9ms | ActiveRecord: 0.0ms)


Started GET "/assets/application.css?body=1" for 127.0.0.1 at 2013-04-08 18:17:44 -0400
Served asset /application.css - 304 Not Modified (1ms)


Started GET "/assets/jquery_ujs.js?body=1" for 127.0.0.1 at 2013-04-08 18:17:44 -0400
Served asset /jquery_ujs.js - 304 Not Modified (0ms)


Started GET "/assets/microposts.css?body=1" for 127.0.0.1 at 2013-04-08 18:17:44 -0400
Served asset /microposts.css - 304 Not Modified (0ms)


Started GET "/assets/scaffolds.css?body=1" for 127.0.0.1 at 2013-04-08 18:17:44 -0400
Served asset /scaffolds.css - 304 Not Modified (0ms)


Started GET "/assets/users.css?body=1" for 127.0.0.1 at 2013-04-08 18:17:44 -0400
Served asset /users.css - 304 Not Modified (0ms)


Started GET "/assets/jquery.js?body=1" for 127.0.0.1 at 2013-04-08 18:17:44 -0400
Served asset /jquery.js - 304 Not Modified (0ms)


Started GET "/assets/static_pages.css?body=1" for 127.0.0.1 at 2013-04-08 18:17:44 -0400
Served asset /static_pages.css - 304 Not Modified (0ms)


Started GET "/assets/microposts.js?body=1" for 127.0.0.1 at 2013-04-08 18:17:44 -0400
Served asset /microposts.js - 304 Not Modified (0ms)


Started GET "/assets/static_pages.js?body=1" for 127.0.0.1 at 2013-04-08 18:17:44 -0400
Served asset /static_pages.js - 304 Not Modified (0ms)


Started GET "/assets/users.js?body=1" for 127.0.0.1 at 2013-04-08 18:17:44 -0400
Served asset /users.js - 304 Not Modified (0ms)


Started GET "/assets/application.js?body=1" for 127.0.0.1 at 2013-04-08 18:17:44 -0400
Served asset /application.js - 304 Not Modified (0ms)


Started GET "/static_pages/about" for 127.0.0.1 at 2013-04-08 18:17:47 -0400
Processing by StaticPagesController#about as HTML
  Rendered static_pages/about.html.erb within layouts/application (0.4ms)
Completed 200 OK in 61ms (Views: 60.9ms | ActiveRecord: 0.0ms)


Started GET "/assets/application.css?body=1" for 127.0.0.1 at 2013-04-08 18:17:47 -0400
Served asset /application.css - 304 Not Modified (0ms)


Started GET "/assets/jquery.js?body=1" for 127.0.0.1 at 2013-04-08 18:17:47 -0400
Served asset /jquery.js - 304 Not Modified (0ms)


Started GET "/assets/static_pages.css?body=1" for 127.0.0.1 at 2013-04-08 18:17:47 -0400
Served asset /static_pages.css - 304 Not Modified (0ms)


Started GET "/assets/microposts.css?body=1" for 127.0.0.1 at 2013-04-08 18:17:47 -0400
Served asset /microposts.css - 304 Not Modified (0ms)


Started GET "/assets/users.css?body=1" for 127.0.0.1 at 2013-04-08 18:17:47 -0400
Served asset /users.css - 304 Not Modified (2ms)


Started GET "/assets/scaffolds.css?body=1" for 127.0.0.1 at 2013-04-08 18:17:47 -0400
Served asset /scaffolds.css - 304 Not Modified (0ms)


Started GET "/assets/jquery_ujs.js?body=1" for 127.0.0.1 at 2013-04-08 18:17:47 -0400
Served asset /jquery_ujs.js - 304 Not Modified (0ms)


Started GET "/assets/microposts.js?body=1" for 127.0.0.1 at 2013-04-08 18:17:47 -0400
Served asset /microposts.js - 304 Not Modified (0ms)


Started GET "/assets/static_pages.js?body=1" for 127.0.0.1 at 2013-04-08 18:17:47 -0400
Served asset /static_pages.js - 304 Not Modified (0ms)


Started GET "/assets/users.js?body=1" for 127.0.0.1 at 2013-04-08 18:17:47 -0400
Served asset /users.js - 304 Not Modified (0ms)


Started GET "/assets/application.js?body=1" for 127.0.0.1 at 2013-04-08 18:17:47 -0400
Served asset /application.js - 304 Not Modified (0ms)


Started GET "/static_pages/home" for 127.0.0.1 at 2013-04-08 18:23:28 -0400
Processing by StaticPagesController#home as HTML
  Rendered static_pages/home.html.erb within layouts/application (0.4ms)
Completed 200 OK in 40ms (Views: 39.8ms | ActiveRecord: 0.0ms)


Started GET "/assets/application.css?body=1" for 127.0.0.1 at 2013-04-08 18:23:28 -0400
Served asset /application.css - 304 Not Modified (1ms)


Started GET "/assets/microposts.css?body=1" for 127.0.0.1 at 2013-04-08 18:23:28 -0400
Served asset /microposts.css - 304 Not Modified (0ms)


Started GET "/assets/scaffolds.css?body=1" for 127.0.0.1 at 2013-04-08 18:23:28 -0400
Served asset /scaffolds.css - 304 Not Modified (3ms)


Started GET "/assets/static_pages.css?body=1" for 127.0.0.1 at 2013-04-08 18:23:29 -0400
Served asset /static_pages.css - 304 Not Modified (0ms)


Started GET "/assets/users.css?body=1" for 127.0.0.1 at 2013-04-08 18:23:29 -0400
Served asset /users.css - 304 Not Modified (5ms)


Started GET "/assets/jquery.js?body=1" for 127.0.0.1 at 2013-04-08 18:23:29 -0400
Served asset /jquery.js - 304 Not Modified (0ms)


Started GET "/assets/microposts.js?body=1" for 127.0.0.1 at 2013-04-08 18:23:29 -0400
Served asset /microposts.js - 304 Not Modified (0ms)


Started GET "/assets/jquery_ujs.js?body=1" for 127.0.0.1 at 2013-04-08 18:23:29 -0400
Served asset /jquery_ujs.js - 304 Not Modified (0ms)


Started GET "/assets/users.js?body=1" for 127.0.0.1 at 2013-04-08 18:23:29 -0400
Served asset /users.js - 304 Not Modified (0ms)


Started GET "/assets/static_pages.js?body=1" for 127.0.0.1 at 2013-04-08 18:23:29 -0400
Served asset /static_pages.js - 304 Not Modified (0ms)


Started GET "/assets/application.js?body=1" for 127.0.0.1 at 2013-04-08 18:23:29 -0400
Served asset /application.js - 304 Not Modified (0ms)


Started GET "/static_pages/about" for 127.0.0.1 at 2013-04-08 18:23:37 -0400
Processing by StaticPagesController#about as HTML
  Rendered static_pages/about.html.erb within layouts/application (0.4ms)
Completed 200 OK in 73ms (Views: 72.5ms | ActiveRecord: 0.0ms)


Started GET "/assets/application.css?body=1" for 127.0.0.1 at 2013-04-08 18:23:38 -0400
Served asset /application.css - 304 Not Modified (1ms)


Started GET "/assets/microposts.css?body=1" for 127.0.0.1 at 2013-04-08 18:23:38 -0400
Served asset /microposts.css - 304 Not Modified (0ms)


Started GET "/assets/scaffolds.css?body=1" for 127.0.0.1 at 2013-04-08 18:23:38 -0400
Served asset /scaffolds.css - 304 Not Modified (0ms)


Started GET "/assets/jquery.js?body=1" for 127.0.0.1 at 2013-04-08 18:23:38 -0400
Served asset /jquery.js - 304 Not Modified (0ms)


Started GET "/assets/users.css?body=1" for 127.0.0.1 at 2013-04-08 18:23:38 -0400
Served asset /users.css - 304 Not Modified (0ms)


Started GET "/assets/jquery_ujs.js?body=1" for 127.0.0.1 at 2013-04-08 18:23:38 -0400
Served asset /jquery_ujs.js - 304 Not Modified (0ms)


Started GET "/assets/static_pages.css?body=1" for 127.0.0.1 at 2013-04-08 18:23:38 -0400
Served asset /static_pages.css - 304 Not Modified (0ms)


Started GET "/assets/microposts.js?body=1" for 127.0.0.1 at 2013-04-08 18:23:38 -0400
Served asset /microposts.js - 304 Not Modified (0ms)


Started GET "/assets/static_pages.js?body=1" for 127.0.0.1 at 2013-04-08 18:23:38 -0400
Served asset /static_pages.js - 304 Not Modified (0ms)


Started GET "/assets/users.js?body=1" for 127.0.0.1 at 2013-04-08 18:23:38 -0400
Served asset /users.js - 304 Not Modified (0ms)


Started GET "/assets/application.js?body=1" for 127.0.0.1 at 2013-04-08 18:23:38 -0400
Served asset /application.js - 304 Not Modified (0ms)


Started GET "/static_pages/about" for 127.0.0.1 at 2013-04-08 18:23:43 -0400
Processing by StaticPagesController#about as HTML
  Rendered static_pages/about.html.erb within layouts/application (0.4ms)
Completed 200 OK in 64ms (Views: 63.5ms | ActiveRecord: 0.0ms)


Started GET "/assets/users.css?body=1" for 127.0.0.1 at 2013-04-08 18:23:44 -0400
Served asset /users.css - 304 Not Modified (6ms)


Started GET "/assets/static_pages.css?body=1" for 127.0.0.1 at 2013-04-08 18:23:44 -0400
Served asset /static_pages.css - 304 Not Modified (0ms)


Started GET "/assets/application.css?body=1" for 127.0.0.1 at 2013-04-08 18:23:44 -0400
Served asset /application.css - 304 Not Modified (2ms)


Started GET "/assets/scaffolds.css?body=1" for 127.0.0.1 at 2013-04-08 18:23:44 -0400
Served asset /scaffolds.css - 304 Not Modified (0ms)


Started GET "/assets/microposts.css?body=1" for 127.0.0.1 at 2013-04-08 18:23:44 -0400
Served asset /microposts.css - 304 Not Modified (0ms)


Started GET "/assets/jquery.js?body=1" for 127.0.0.1 at 2013-04-08 18:23:44 -0400
Served asset /jquery.js - 304 Not Modified (0ms)


Started GET "/assets/jquery_ujs.js?body=1" for 127.0.0.1 at 2013-04-08 18:23:44 -0400
Served asset /jquery_ujs.js - 304 Not Modified (0ms)


Started GET "/assets/microposts.js?body=1" for 127.0.0.1 at 2013-04-08 18:23:44 -0400
Served asset /microposts.js - 304 Not Modified (0ms)


Started GET "/assets/static_pages.js?body=1" for 127.0.0.1 at 2013-04-08 18:23:44 -0400
Served asset /static_pages.js - 304 Not Modified (0ms)


Started GET "/assets/users.js?body=1" for 127.0.0.1 at 2013-04-08 18:23:44 -0400
Served asset /users.js - 304 Not Modified (0ms)


Started GET "/assets/application.js?body=1" for 127.0.0.1 at 2013-04-08 18:23:44 -0400
Served asset /application.js - 304 Not Modified (0ms)


Started GET "/static_pages/about" for 127.0.0.1 at 2013-04-08 18:34:38 -0400
Processing by StaticPagesController#about as HTML
  Rendered static_pages/about.html.erb within layouts/application (0.1ms)
Completed 200 OK in 70ms (Views: 69.5ms | ActiveRecord: 0.0ms)


Started GET "/assets/application.css?body=1" for 127.0.0.1 at 2013-04-08 18:34:38 -0400
Served asset /application.css - 304 Not Modified (5ms)


Started GET "/assets/scaffolds.css?body=1" for 127.0.0.1 at 2013-04-08 18:34:38 -0400
Served asset /scaffolds.css - 304 Not Modified (0ms)


Started GET "/assets/static_pages.css?body=1" for 127.0.0.1 at 2013-04-08 18:34:38 -0400
Served asset /static_pages.css - 304 Not Modified (0ms)


Started GET "/assets/microposts.css?body=1" for 127.0.0.1 at 2013-04-08 18:34:38 -0400
Served asset /microposts.css - 304 Not Modified (0ms)


Started GET "/assets/jquery.js?body=1" for 127.0.0.1 at 2013-04-08 18:34:38 -0400
Served asset /jquery.js - 304 Not Modified (0ms)


Started GET "/assets/users.css?body=1" for 127.0.0.1 at 2013-04-08 18:34:38 -0400
Served asset /users.css - 304 Not Modified (0ms)


Started GET "/assets/jquery_ujs.js?body=1" for 127.0.0.1 at 2013-04-08 18:34:38 -0400
Served asset /jquery_ujs.js - 304 Not Modified (0ms)


Started GET "/assets/static_pages.js?body=1" for 127.0.0.1 at 2013-04-08 18:34:38 -0400
Served asset /static_pages.js - 304 Not Modified (0ms)


Started GET "/assets/microposts.js?body=1" for 127.0.0.1 at 2013-04-08 18:34:38 -0400
Served asset /microposts.js - 304 Not Modified (0ms)


Started GET "/assets/application.js?body=1" for 127.0.0.1 at 2013-04-08 18:34:38 -0400
Served asset /application.js - 304 Not Modified (0ms)


Started GET "/assets/users.js?body=1" for 127.0.0.1 at 2013-04-08 18:34:38 -0400
Served asset /users.js - 304 Not Modified (0ms)


Started GET "/static_pages/about" for 127.0.0.1 at 2013-04-08 18:47:51 -0400
Processing by StaticPagesController#about as HTML
  Rendered static_pages/about.html.erb within layouts/application (0.6ms)
Completed 200 OK in 97ms (Views: 97.2ms | ActiveRecord: 0.0ms)


Started GET "/assets/application.css?body=1" for 127.0.0.1 at 2013-04-08 18:47:51 -0400
Served asset /application.css - 304 Not Modified (1ms)


Started GET "/assets/microposts.css?body=1" for 127.0.0.1 at 2013-04-08 18:47:51 -0400
Served asset /microposts.css - 304 Not Modified (0ms)


Started GET "/assets/static_pages.css?body=1" for 127.0.0.1 at 2013-04-08 18:47:51 -0400
Served asset /static_pages.css - 304 Not Modified (0ms)


Started GET "/assets/scaffolds.css?body=1" for 127.0.0.1 at 2013-04-08 18:47:51 -0400
Served asset /scaffolds.css - 304 Not Modified (0ms)


Started GET "/assets/users.css?body=1" for 127.0.0.1 at 2013-04-08 18:47:51 -0400
Served asset /users.css - 304 Not Modified (0ms)


Started GET "/assets/jquery.js?body=1" for 127.0.0.1 at 2013-04-08 18:47:51 -0400
Served asset /jquery.js - 304 Not Modified (0ms)


Started GET "/assets/jquery_ujs.js?body=1" for 127.0.0.1 at 2013-04-08 18:47:51 -0400
Served asset /jquery_ujs.js - 304 Not Modified (0ms)


Started GET "/assets/static_pages.js?body=1" for 127.0.0.1 at 2013-04-08 18:47:51 -0400
Served asset /static_pages.js - 304 Not Modified (0ms)


Started GET "/assets/microposts.js?body=1" for 127.0.0.1 at 2013-04-08 18:47:51 -0400
Served asset /microposts.js - 304 Not Modified (0ms)


Started GET "/assets/users.js?body=1" for 127.0.0.1 at 2013-04-08 18:47:51 -0400
Served asset /users.js - 304 Not Modified (0ms)


Started GET "/assets/application.js?body=1" for 127.0.0.1 at 2013-04-08 18:47:51 -0400
Served asset /application.js - 304 Not Modified (0ms)


Started GET "/static_pages/about" for 127.0.0.1 at 2013-04-08 18:47:53 -0400
Processing by StaticPagesController#about as HTML
  Rendered static_pages/about.html.erb within layouts/application (0.1ms)
Completed 200 OK in 91ms (Views: 90.4ms | ActiveRecord: 0.0ms)


Started GET "/assets/application.css?body=1" for 127.0.0.1 at 2013-04-08 18:47:53 -0400
Served asset /application.css - 304 Not Modified (4ms)


Started GET "/assets/static_pages.css?body=1" for 127.0.0.1 at 2013-04-08 18:47:53 -0400
Served asset /static_pages.css - 304 Not Modified (0ms)


Started GET "/assets/microposts.css?body=1" for 127.0.0.1 at 2013-04-08 18:47:53 -0400
Served asset /microposts.css - 304 Not Modified (0ms)


Started GET "/assets/scaffolds.css?body=1" for 127.0.0.1 at 2013-04-08 18:47:53 -0400
Served asset /scaffolds.css - 304 Not Modified (1ms)


Started GET "/assets/users.css?body=1" for 127.0.0.1 at 2013-04-08 18:47:53 -0400
Served asset /users.css - 304 Not Modified (0ms)


Started GET "/assets/jquery.js?body=1" for 127.0.0.1 at 2013-04-08 18:47:53 -0400
Served asset /jquery.js - 304 Not Modified (0ms)


Started GET "/assets/jquery_ujs.js?body=1" for 127.0.0.1 at 2013-04-08 18:47:53 -0400
Served asset /jquery_ujs.js - 304 Not Modified (0ms)


Started GET "/assets/microposts.js?body=1" for 127.0.0.1 at 2013-04-08 18:47:53 -0400
Served asset /microposts.js - 304 Not Modified (0ms)


Started GET "/assets/static_pages.js?body=1" for 127.0.0.1 at 2013-04-08 18:47:53 -0400
Served asset /static_pages.js - 304 Not Modified (0ms)


Started GET "/assets/users.js?body=1" for 127.0.0.1 at 2013-04-08 18:47:53 -0400
Served asset /users.js - 304 Not Modified (0ms)


Started GET "/assets/application.js?body=1" for 127.0.0.1 at 2013-04-08 18:47:53 -0400
Served asset /application.js - 304 Not Modified (0ms)


Started GET "/static_pages/about" for 127.0.0.1 at 2013-04-08 18:51:00 -0400
Processing by StaticPagesController#about as HTML
  Rendered static_pages/about.html.erb within layouts/application (0.6ms)
Completed 200 OK in 90ms (Views: 89.8ms | ActiveRecord: 0.0ms)


Started GET "/assets/application.css?body=1" for 127.0.0.1 at 2013-04-08 18:51:01 -0400
Served asset /application.css - 304 Not Modified (0ms)


Started GET "/assets/jquery.js?body=1" for 127.0.0.1 at 2013-04-08 18:51:01 -0400
Served asset /jquery.js - 304 Not Modified (0ms)


Started GET "/assets/users.css?body=1" for 127.0.0.1 at 2013-04-08 18:51:01 -0400
Served asset /users.css - 304 Not Modified (8ms)


Started GET "/assets/static_pages.css?body=1" for 127.0.0.1 at 2013-04-08 18:51:01 -0400
Served asset /static_pages.css - 304 Not Modified (0ms)


Started GET "/assets/microposts.css?body=1" for 127.0.0.1 at 2013-04-08 18:51:01 -0400
Served asset /microposts.css - 304 Not Modified (0ms)


Started GET "/assets/scaffolds.css?body=1" for 127.0.0.1 at 2013-04-08 18:51:01 -0400
Served asset /scaffolds.css - 304 Not Modified (0ms)


Started GET "/assets/jquery_ujs.js?body=1" for 127.0.0.1 at 2013-04-08 18:51:01 -0400
Served asset /jquery_ujs.js - 304 Not Modified (0ms)


Started GET "/assets/microposts.js?body=1" for 127.0.0.1 at 2013-04-08 18:51:01 -0400
Served asset /microposts.js - 304 Not Modified (0ms)


Started GET "/assets/static_pages.js?body=1" for 127.0.0.1 at 2013-04-08 18:51:01 -0400
Served asset /static_pages.js - 304 Not Modified (0ms)


Started GET "/assets/application.js?body=1" for 127.0.0.1 at 2013-04-08 18:51:01 -0400
Served asset /application.js - 304 Not Modified (0ms)


Started GET "/assets/users.js?body=1" for 127.0.0.1 at 2013-04-08 18:51:01 -0400
Served asset /users.js - 304 Not Modified (0ms)


Started GET "/" for 127.0.0.1 at 2013-04-08 18:51:16 -0400
Processing by StaticPagesController#home as HTML
  Rendered static_pages/home.html.erb within layouts/application (0.5ms)
Completed 200 OK in 62ms (Views: 61.8ms | ActiveRecord: 0.0ms)


Started GET "/assets/application.css?body=1" for 127.0.0.1 at 2013-04-08 18:51:16 -0400
Served asset /application.css - 304 Not Modified (2ms)


Started GET "/assets/microposts.css?body=1" for 127.0.0.1 at 2013-04-08 18:51:16 -0400
Served asset /microposts.css - 304 Not Modified (0ms)


Started GET "/assets/users.css?body=1" for 127.0.0.1 at 2013-04-08 18:51:16 -0400
Served asset /users.css - 304 Not Modified (3ms)


Started GET "/assets/scaffolds.css?body=1" for 127.0.0.1 at 2013-04-08 18:51:16 -0400
Served asset /scaffolds.css - 304 Not Modified (32ms)


Started GET "/assets/static_pages.css?body=1" for 127.0.0.1 at 2013-04-08 18:51:16 -0400
Served asset /static_pages.css - 304 Not Modified (0ms)


Started GET "/assets/jquery.js?body=1" for 127.0.0.1 at 2013-04-08 18:51:16 -0400
Served asset /jquery.js - 304 Not Modified (0ms)


Started GET "/assets/jquery_ujs.js?body=1" for 127.0.0.1 at 2013-04-08 18:51:16 -0400
Served asset /jquery_ujs.js - 304 Not Modified (0ms)


Started GET "/assets/microposts.js?body=1" for 127.0.0.1 at 2013-04-08 18:51:16 -0400
Served asset /microposts.js - 304 Not Modified (0ms)


Started GET "/assets/static_pages.js?body=1" for 127.0.0.1 at 2013-04-08 18:51:16 -0400
Served asset /static_pages.js - 304 Not Modified (0ms)


Started GET "/assets/users.js?body=1" for 127.0.0.1 at 2013-04-08 18:51:16 -0400
Served asset /users.js - 304 Not Modified (0ms)


Started GET "/assets/application.js?body=1" for 127.0.0.1 at 2013-04-08 18:51:16 -0400
Served asset /application.js - 304 Not Modified (0ms)


Started GET "/" for 127.0.0.1 at 2013-04-08 18:51:39 -0400
Processing by StaticPagesController#home as HTML
  Rendered static_pages/home.html.erb within layouts/application (0.1ms)
Completed 200 OK in 58ms (Views: 57.6ms | ActiveRecord: 0.0ms)


Started GET "/assets/application.css?body=1" for 127.0.0.1 at 2013-04-08 18:51:39 -0400
Served asset /application.css - 304 Not Modified (1ms)


Started GET "/assets/microposts.css?body=1" for 127.0.0.1 at 2013-04-08 18:51:39 -0400
Served asset /microposts.css - 304 Not Modified (0ms)


Started GET "/assets/scaffolds.css?body=1" for 127.0.0.1 at 2013-04-08 18:51:39 -0400
Served asset /scaffolds.css - 304 Not Modified (4ms)


Started GET "/assets/users.css?body=1" for 127.0.0.1 at 2013-04-08 18:51:39 -0400
Served asset /users.css - 304 Not Modified (0ms)


Started GET "/assets/static_pages.css?body=1" for 127.0.0.1 at 2013-04-08 18:51:39 -0400
Served asset /static_pages.css - 304 Not Modified (0ms)


Started GET "/assets/jquery.js?body=1" for 127.0.0.1 at 2013-04-08 18:51:39 -0400
Served asset /jquery.js - 304 Not Modified (0ms)


Started GET "/assets/microposts.js?body=1" for 127.0.0.1 at 2013-04-08 18:51:39 -0400
Served asset /microposts.js - 304 Not Modified (2ms)


Started GET "/assets/jquery_ujs.js?body=1" for 127.0.0.1 at 2013-04-08 18:51:39 -0400
Served asset /jquery_ujs.js - 304 Not Modified (0ms)


Started GET "/assets/users.js?body=1" for 127.0.0.1 at 2013-04-08 18:51:39 -0400
Served asset /users.js - 304 Not Modified (7ms)


Started GET "/assets/application.js?body=1" for 127.0.0.1 at 2013-04-08 18:51:39 -0400
Served asset /application.js - 304 Not Modified (0ms)


Started GET "/assets/static_pages.js?body=1" for 127.0.0.1 at 2013-04-08 18:51:39 -0400
Served asset /static_pages.js - 304 Not Modified (0ms)
